
================================================================================

NLW#3 – Primeiro Workshop no Ar
https://click.convertkit-mail4.com/0vu8lmo9k2c9hnl72kfl/kkh34x76c6h97o7v4rcl/aHR0cHM6Ly9uZXh0bGV2ZWx3ZWVrLmNvbS9lcGlzb2Rpb3Mvb21uaXN0YWNrLzEvZWRpY2FvLzM_dXRtX3NvdXJjZT1jb252ZXJ0a2l0JnV0bV9tZWRpdW09ZW1haWwmdXRtX2NhbXBhaWduPU5MVzMrV29ya3Nob3BzJnV0bV90ZXJtPUxlYWRzK09tbmlTdGFjayZ1dG1fY29udGVudD1Xb3Jrc2hvcCsx

NLW#3 – Segundo Workshop Disponível Agora
https://click.convertkit-mail4.com/mvukn9ve8rb5h24pmesm/7qh0v20di8h4ge60rrhz/aHR0cHM6Ly9uZXh0bGV2ZWx3ZWVrLmNvbS9lcGlzb2Rpb3Mvb21uaXN0YWNrLzIvZWRpY2FvLzM_dXRtX3NvdXJjZT1jb252ZXJ0a2l0JnV0bV9tZWRpdW09ZW1haWwmdXRtX2NhbXBhaWduPU5MVzMrV29ya3Nob3BzJnV0bV90ZXJtPUxlYWRzK09tbmlTdGFjayZ1dG1fY29udGVudD1Xb3Jrc2hvcCsy

NLW#3 – Terceiro Workshop Disponível Agora
https://click.convertkit-mail4.com/zluz0m3oe2inh5mrv4tp/g3h69l4eu5hzv2km0lhr/aHR0cHM6Ly9uZXh0bGV2ZWx3ZWVrLmNvbS9lcGlzb2Rpb3Mvb21uaXN0YWNrLzMvZWRpY2FvLzM_dXRtX3NvdXJjZT1jb252ZXJ0a2l0JnV0bV9tZWRpdW09ZW1haWwmdXRtX2NhbXBhaWduPU5MVzMrV29ya3Nob3BzJnV0bV90ZXJtPUxlYWRzK09tbmlTdGFjayZ1dG1fY29udGVudD1Xb3Jrc2hvcCsz

NLW#3 – Workshop 04 Disponível Agora (e um aviso Importante)
https://click.convertkit-mail4.com/8kun06xpelcohw7dzkfk/7qh7h8h4ge9ddnhz/aHR0cHM6Ly9uZXh0bGV2ZWx3ZWVrLmNvbS9lcGlzb2Rpb3Mvb21uaXN0YWNrLzQvZWRpY2FvLzM_dXRtX3NvdXJjZT1jb252ZXJ0a2l0JnV0bV9tZWRpdW09ZW1haWwmdXRtX2NhbXBhaWduPU5MVzMrV29ya3Nob3BzJnV0bV90ZXJtPUxlYWRzK09tbmlTdGFjayZ1dG1fY29udGVudD1Xb3Jrc2hvcCs0

NLW#3 – Último Workshop Disponível Agora
https://click.convertkit-mail4.com/mvukn9ve8rb5h2xqvmim/25h2hoho5xw3l9f3/aHR0cHM6Ly9uZXh0bGV2ZWx3ZWVrLmNvbS9lcGlzb2Rpb3Mvb21uaXN0YWNrLzUvZWRpY2FvLzM_dXRtX3NvdXJjZT1jb252ZXJ0a2l0JnV0bV9tZWRpdW09ZW1haWwmdXRtX2NhbXBhaWduPU5MVzMrV29ya3Nob3BzJnV0bV90ZXJtPUxlYWRzK09tbmlTdGFjayZ1dG1fY29udGVudD1Xb3Jrc2hvcCs1

================================================================================
#day01

PS C:\Windows\system32> Get-ExecutionPolicy
Restricted

PS C:\Windows\system32> Set-ExecutionPolicy RemoteSigned

Alteração da Política de Execução
A política de execução ajuda a proteger contra scripts não confiáveis. A alteração da política de execução pode
implicar exposição aos riscos de segurança descritos no tópico da ajuda about_Execution_Policies em
https://go.microsoft.com/fwlink/?LinkID=135170. Deseja alterar a política de execução?
[S] Sim  [A] Sim para Todos  [N] Não  [T] Não para Todos  [U] Suspender  [?] Ajuda (o padrão é "N"): A
PS C:\Windows\system32>

--------------------------------------------------------------------------------
PS C:\Windows\system32> Set-ExecutionPolicy Bypass -Scope Process -Force; [System.Net.ServicePointManager]::SecurityProtocol = [System.Net.ServicePointManager]::SecurityProtocol -bor 3072; iex ((New-Object System.Net.WebClient).DownloadString('https://chocolatey.org/install.ps1'))                                                     Getting latest version of the Chocolatey package for download.
Getting Chocolatey from https://chocolatey.org/api/v2/package/chocolatey/0.10.15.
Downloading 7-Zip commandline tool prior to extraction.
Extracting C:\Users\Marcos\AppData\Local\Temp\chocolatey\chocInstall\chocolatey.zip to C:\Users\Marcos\AppData\Local\Temp\chocolatey\chocInstall...
Installing chocolatey on this machine
Creating ChocolateyInstall as an environment variable (targeting 'Machine')
  Setting ChocolateyInstall to 'C:\ProgramData\chocolatey'
WARNING: It's very likely you will need to close and reopen your shell
  before you can use choco.
Restricting write permissions to Administrators
We are setting up the Chocolatey package repository.
The packages themselves go to 'C:\ProgramData\chocolatey\lib'
  (i.e. C:\ProgramData\chocolatey\lib\yourPackageName).
A shim file for the command line goes to 'C:\ProgramData\chocolatey\bin'
  and points to an executable in 'C:\ProgramData\chocolatey\lib\yourPackageName'.

Creating Chocolatey folders if they do not already exist.

WARNING: You can safely ignore errors related to missing log files when
  upgrading from a version of Chocolatey less than 0.9.9.
  'Batch file could not be found' is also safe to ignore.
  'The system cannot find the file specified' - also safe.
chocolatey.nupkg file not installed in lib.
 Attempting to locate it from bootstrapper.
PATH environment variable does not have C:\ProgramData\chocolatey\bin in it. Adding...
AVISO: Not setting tab completion: Profile file does not exist at 'C:\Users\Marcos\Documents\WindowsPowerShell\Microsoft.PowerShell_profile.ps1'.
Chocolatey (choco.exe) is now ready.
You can call choco from anywhere, command line or powershell by typing choco.
Run choco /? for a list of functions.
You may need to shut down and restart powershell and/or consoles
 first prior to using choco.
Ensuring chocolatey commands are on the path
Ensuring chocolatey.nupkg is in the lib folder
PS C:\Windows\system32> 
--------------------------------------------------------------------------------
Windows PowerShell
Copyright (C) Microsoft Corporation. Todos os direitos reservados.

Experimente a nova plataforma cruzada PowerShell https://aka.ms/pscore6

PS C:\Windows\system32> choco -v
0.10.15
PS C:\Windows\system32> cinst nodejs-lts
Chocolatey v0.10.15
Installing the following packages:
nodejs-lts
By installing you accept licenses for the packages.
Progress: Downloading nodejs-lts 12.19.0... 100%

nodejs-lts v12.19.0 [Approved]
nodejs-lts package files install completed. Performing other installation steps.
The package nodejs-lts wants to run 'chocolateyinstall.ps1'.
Note: If you don't run this script, the installation will fail.
Note: To confirm automatically next time, use '-y' or consider:
choco feature enable -n allowGlobalConfirmation
Do you want to run the script?([Y]es/[A]ll - yes to all/[N]o/[P]rint): A

Installing 64 bit version
Installing nodejs-lts...
nodejs-lts has been installed.
  nodejs-lts may be able to be automatically uninstalled.
Environment Vars (like PATH) have changed. Close/reopen your shell to
 see the changes (or in powershell/cmd.exe just type `refreshenv`).
 The install of nodejs-lts was successful.
  Software installed as 'MSI', install location is likely default.

Chocolatey installed 1/1 packages.
 See the log for details (C:\ProgramData\chocolatey\logs\chocolatey.log).
PS C:\Windows\system32>
--------------------------------------------------------------------------------
PS C:\Windows\system32> node -v
v12.19.0
PS C:\Windows\system32> npm -v
6.14.8
PS C:\Windows\system32>
--------------------------------------------------------------------------------
PS C:\Windows\system32> cinst yarn                                                                                                                                    Chocolatey v0.10.15
Installing the following packages:
yarn
By installing you accept licenses for the packages.
Progress: Downloading yarn 1.22.5... 100%

yarn v1.22.5 [Approved]
yarn package files install completed. Performing other installation steps.
The package yarn wants to run 'chocolateyinstall.ps1'.
Note: If you don't run this script, the installation will fail.
Note: To confirm automatically next time, use '-y' or consider:
choco feature enable -n allowGlobalConfirmation
Do you want to run the script?([Y]es/[A]ll - yes to all/[N]o/[P]rint): A

Downloading yarn
  from 'https://yarnpkg.com/downloads/1.22.5/yarn-1.22.5.msi'
Progress: 100% - Completed download of C:\Users\Marcos\AppData\Local\Temp\chocolatey\yarn\1.22.5\yarn-1.22.5.msi (1.57 MB).
Download of yarn-1.22.5.msi (1.57 MB) completed.
Hashes match.
Installing yarn...
yarn has been installed.
#< CLIXML
<Objs Version="1.1.0.1" xmlns="http://schemas.microsoft.com/powershell/2004/04"><Obj S="progress" RefId="0"><TN RefId="0"><T>System.Management.Automation.PSCustomObject</T><T>System.Object</T></TN><MS><I64 N="SourceId">1</I64><PR N="Record"><AV>Preparando módulos para primeiro uso.</AV><AI>0</AI><Nil /><PI>-1</PI><PC>-1</PC><T>Completed</T><SR>-1</SR><SD> </SD></PR></MS></Obj><Obj S="progress" RefId="1"><TNRef RefId="0" /><MS><I64 N="SourceId">1</I64><PR N="Record"><AV>Preparando módulos para primeiro uso.</AV><AI>0</AI><Nil /><PI>-1</PI><PC>-1</PC><T>Completed</T><SR>-1</SR><SD> </SD></PR></MS></Obj><S S="debug">Host version is 5.1.18362.752, PowerShell Version is '5.1.18362.752' and CLR Version is '4.0.30319.42000'.</S><S S="verbose">Exportando a função 'Format-FileSize'.</S><S S="verbose">Exportando a função 'Get-ChecksumValid'.</S><S S="verbose">Exportando a função 'Get-ChocolateyUnzip'.</S><S S="verbose">Exportando a função 'Get-ChocolateyWebFile'.</S><S S="verbose">Exportando a função 'Get-EnvironmentVariable'.</S><S S="verbose">Exportando a função 'Get-EnvironmentVariableNames'.</S><S S="verbose">Exportando a função 'Get-FtpFile'.</S><S S="verbose">Exportando a função 'Get-OSArchitectureWidth'.</S><S S="verbose">Exportando a função 'Get-PackageParameters'.</S><S S="verbose">Exportando a função 'Get-PackageParametersBuiltIn'.</S><S S="verbose">Exportando a função 'Get-ToolsLocation'.</S><S S="verbose">Exportando a função 'Get-UACEnabled'.</S><S S="verbose">Exportando a função 'Get-UninstallRegistryKey'.</S><S S="verbose">Exportando a função 'Get-VirusCheckValid'.</S><S S="verbose">Exportando a função 'Get-WebFile'.</S><S S="verbose">Exportando a função 'Get-WebFileName'.</S><S S="verbose">Exportando a função 'Get-WebHeaders'.</S><S S="verbose">Exportando a função 'Install-BinFile'.</S><S S="verbose">Exportando a função 'Install-ChocolateyDesktopLink'.</S><S S="verbose">Exportando a função 'Install-ChocolateyEnvironmentVariable'.</S><S S="verbose">Exportando a função 'Install-ChocolateyExplorerMenuItem'.</S><S S="verbose">Exportando a função 'Install-ChocolateyFileAssociation'.</S><S S="verbose">Exportando a função 'Install-ChocolateyInstallPackage'.</S><S S="verbose">Exportando a função 'Install-ChocolateyPackage'.</S><S S="verbose">Exportando a função 'Install-ChocolateyPath'.</S><S S="verbose">Exportando a função 'Install-ChocolateyPinnedTaskBarItem'.</S><S S="verbose">Exportando a função 'Install-ChocolateyPowershellCommand'.</S><S S="verbose">Exportando a função 'Install-ChocolateyShortcut'.</S><S S="verbose">Exportando a função 'Install-ChocolateyVsixPackage'.</S><S S="verbose">Exportando a função 'Install-ChocolateyZipPackage'.</S><S S="verbose">Exportando a função 'Install-Vsix'.</S><S S="verbose">Exportando a função 'Set-EnvironmentVariable'.</S><S S="verbose">Exportando a função 'Set-PowerShellExitCode'.</S><S S="verbose">Exportando a função 'Start-ChocolateyProcessAsAdmin'.</S><S S="verbose">Exportando a função 'Test-ProcessAdminRights'.</S><S S="verbose">Exportando a função 'Uninstall-BinFile'.</S><S S="verbose">Exportando a função 'Uninstall-ChocolateyEnvironmentVariable'.</S><S S="verbose">Exportando a função 'Uninstall-ChocolateyPackage'.</S><S S="verbose">Exportando a função 'Uninstall-ChocolateyZipPackage'.</S><S S="verbose">Exportando a função 'Update-SessionEnvironment'.</S><S S="verbose">Exportando a função 'Write-ChocolateyFailure'.</S><S S="verbose">Exportando a função 'Write-ChocolateySuccess'.</S><S S="verbose">Exportando a função 'Write-FileUpdateLog'.</S><S S="verbose">Exportando a função 'Write-FunctionCallLogMessage'.</S><S S="verbose">Exportando o alias 'Get-ProcessorBits'.</S><S S="verbose">Exportando o alias 'Get-OSBitness'.</S><S S="verbose">Exportando o alias 'Get-InstallRegistryKey'.</S><S S="verbose">Exportando o alias 'Generate-BinFile'.</S><S S="verbose">Exportando o alias 'Add-BinFile'.</S><S S="verbose">Exportando o alias 'Start-ChocolateyProcess'.</S><S S="verbose">Exportando o alias 'Invoke-ChocolateyProcess'.</S><S S="verbose">Exportando o alias 'Remove-BinFile'.</S><S S="verbose">Exportando o alias 'refreshenv'.</S><S S="verbose">Exportando a função 'Format-FileSize'.</S><S S="verbose">Exportando a função 'Get-ChecksumValid'.</S><S S="verbose">Exportando a função 'Get-ChocolateyUnzip'.</S><S S="verbose">Exportando a função 'Get-ChocolateyWebFile'.</S><S S="verbose">Exportando a função 'Get-EnvironmentVariable'.</S><S S="verbose">Exportando a função 'Get-EnvironmentVariableNames'.</S><S S="verbose">Exportando a função 'Get-FtpFile'.</S><S S="verbose">Exportando a função 'Get-OSArchitectureWidth'.</S><S S="verbose">Exportando a função 'Get-PackageParameters'.</S><S S="verbose">Exportando a função 'Get-PackageParametersBuiltIn'.</S><S S="verbose">Exportando a função 'Get-ToolsLocation'.</S><S S="verbose">Exportando a função 'Get-UACEnabled'.</S><S S="verbose">Exportando a função 'Get-UninstallRegistryKey'.</S><S S="verbose">Exportando a função 'Get-VirusCheckValid'.</S><S S="verbose">Exportando a função 'Get-WebFile'.</S><S S="verbose">Exportando a função 'Get-WebFileName'.</S><S S="verbose">Exportando a função 'Get-WebHeaders'.</S><S S="verbose">Exportando a função 'Install-BinFile'.</S><S S="verbose">Exportando a função 'Install-ChocolateyDesktopLink'.</S><S S="verbose">Exportando a função 'Install-ChocolateyEnvironmentVariable'.</S><S S="verbose">Exportando a função 'Install-ChocolateyExplorerMenuItem'.</S><S S="verbose">Exportando a função 'Install-ChocolateyFileAssociation'.</S><S S="verbose">Exportando a função 'Install-ChocolateyInstallPackage'.</S><S S="verbose">Exportando a função 'Install-ChocolateyPackage'.</S><S S="verbose">Exportando a função 'Install-ChocolateyPath'.</S><S S="verbose">Exportando a função 'Install-ChocolateyPinnedTaskBarItem'.</S><S S="verbose">Exportando a função 'Install-ChocolateyPowershellCommand'.</S><S S="verbose">Exportando a função 'Install-ChocolateyShortcut'.</S><S S="verbose">Exportando a função 'Install-ChocolateyVsixPackage'.</S><S S="verbose">Exportando a função 'Install-ChocolateyZipPackage'.</S><S S="verbose">Exportando a função 'Install-Vsix'.</S><S S="verbose">Exportando a função 'Set-EnvironmentVariable'.</S><S S="verbose">Exportando a função 'Set-PowerShellExitCode'.</S><S S="verbose">Exportando a função 'Start-ChocolateyProcessAsAdmin'.</S><S S="verbose">Exportando a função 'Test-ProcessAdminRights'.</S><S S="verbose">Exportando a função 'Uninstall-BinFile'.</S><S S="verbose">Exportando a função 'Uninstall-ChocolateyEnvironmentVariable'.</S><S S="verbose">Exportando a função 'Uninstall-ChocolateyPackage'.</S><S S="verbose">Exportando a função 'Uninstall-ChocolateyZipPackage'.</S><S S="verbose">Exportando a função 'Update-SessionEnvironment'.</S><S S="verbose">Exportando a função 'Write-ChocolateyFailure'.</S><S S="verbose">Exportando a função 'Write-ChocolateySuccess'.</S><S S="verbose">Exportando a função 'Write-FileUpdateLog'.</S><S S="verbose">Exportando a função 'Write-FunctionCallLogMessage'.</S><S S="verbose">Exportando o alias 'Get-ProcessorBits'.</S><S S="verbose">Exportando o alias 'Get-OSBitness'.</S><S S="verbose">Exportando o alias 'Get-InstallRegistryKey'.</S><S S="verbose">Exportando o alias 'Generate-BinFile'.</S><S S="verbose">Exportando o alias 'Add-BinFile'.</S><S S="verbose">Exportando o alias 'Start-ChocolateyProcess'.</S><S S="verbose">Exportando o alias 'Invoke-ChocolateyProcess'.</S><S S="verbose">Exportando o alias 'Remove-BinFile'.</S><S S="verbose">Exportando o alias 'refreshenv'.</S></Objs>
0
Only an exit code of non-zero will fail the package by default. Set
 `--failonstderr` if you want error messages to also fail a script. See
 `choco -h` for details.
  yarn may be able to be automatically uninstalled.
Environment Vars (like PATH) have changed. Close/reopen your shell to
 see the changes (or in powershell/cmd.exe just type `refreshenv`).
 The install of yarn was successful.
  Software installed as 'msi', install location is likely default.

Chocolatey installed 1/1 packages.
 See the log for details (C:\ProgramData\chocolatey\logs\chocolatey.log).
PS C:\Windows\system32> 
--------------------------------------------------------------------------------
PS C:\Work\Projects\JS\CursoJS\trilhaOmniStack> yarn create react-app web --template typescript                                                                       yarn create v1.22.5
[1/4] Resolving packages...
[2/4] Fetching packages...
[3/4] Linking dependencies...
[4/4] Building fresh packages...
                                                                                                                                                                      success Installed "create-react-app@3.4.1" with binaries:
      - create-react-app

Creating a new React app in C:\Work\Projects\JS\CursoJS\trilhaOmniStack\web.

Installing packages. This might take a couple of minutes.
Installing react, react-dom, and react-scripts with cra-template-typescript...

yarn add v1.22.5
[1/4] Resolving packages...
[2/4] Fetching packages...
info fsevents@1.2.12: The platform "win32" is incompatible with this module.
info "fsevents@1.2.12" is an optional dependency and failed compatibility check. Excluding it from installation.
info fsevents@2.1.2: The platform "win32" is incompatible with this module.
info "fsevents@2.1.2" is an optional dependency and failed compatibility check. Excluding it from installation.
[3/4] Linking dependencies...
warning "react-scripts > @typescript-eslint/eslint-plugin > tsutils@3.17.1" has unmet peer dependency "typescript@>=2.8.0 || >= 3.2.0-dev || >= 3.3.0-dev || >= 3.4.0-dev || >= 3.5.0-dev || >= 3.6.0-dev || >= 3.6.0-beta || >= 3.7.0-dev || >= 3.7.0-beta".
[4/4] Building fresh packages...
success Saved lockfile.
success Saved 23 new dependencies.
info Direct dependencies
├─ cra-template-typescript@1.0.3
├─ react-dom@16.13.1
├─ react-scripts@3.4.3
└─ react@16.13.1
info All dependencies
├─ @babel/helper-member-expression-to-functions@7.11.0
├─ @babel/plugin-syntax-typescript@7.10.4
├─ @babel/plugin-transform-flow-strip-types@7.9.0
├─ @babel/plugin-transform-runtime@7.9.0
├─ @babel/plugin-transform-typescript@7.11.0
├─ @babel/preset-typescript@7.9.0
├─ babel-preset-react-app@9.1.2
├─ cra-template-typescript@1.0.3
├─ eslint-config-react-app@5.2.1
├─ html-entities@1.3.1
├─ loglevel@1.7.0
├─ portfinder@1.0.28
├─ react-dev-utils@10.2.1
├─ react-dom@16.13.1
├─ react-error-overlay@6.0.7
├─ react-scripts@3.4.3
├─ react@16.13.1
├─ scheduler@0.19.1
├─ serialize-javascript@4.0.0
├─ sockjs@0.3.20
├─ spdy@4.0.2
├─ terser-webpack-plugin@2.3.8
└─ webpack-dev-server@3.11.0
Done in 268.88s.

Installing template dependencies using yarnpkg...
yarn add v1.22.5
[1/4] Resolving packages...
warning @testing-library/react > @types/testing-library__react > @types/testing-library__dom@7.5.0: This is a stub types definition. testing-library__dom provides its own type definitions, so you do not need this installed.
[2/4] Fetching packages...
info fsevents@2.1.2: The platform "win32" is incompatible with this module.
info "fsevents@2.1.2" is an optional dependency and failed compatibility check. Excluding it from installation.
info fsevents@1.2.12: The platform "win32" is incompatible with this module.
info "fsevents@1.2.12" is an optional dependency and failed compatibility check. Excluding it from installation.
[3/4] Linking dependencies...
warning " > @testing-library/user-event@7.2.1" has unmet peer dependency "@testing-library/dom@>=5".
[4/4] Building fresh packages...
success Saved lockfile.
success Saved 25 new dependencies.
info Direct dependencies
├─ @testing-library/jest-dom@4.2.4
├─ @testing-library/react@9.5.0
├─ @testing-library/user-event@7.2.1
├─ @types/jest@24.9.1
├─ @types/node@12.12.67
├─ @types/react-dom@16.9.8
├─ @types/react@16.9.52
├─ react-dom@16.13.1
├─ react@16.13.1
└─ typescript@3.7.5
info All dependencies
├─ @babel/runtime-corejs3@7.11.2
├─ @sheerun/mutationobserver-shim@0.3.3
├─ @testing-library/dom@6.16.0
├─ @testing-library/jest-dom@4.2.4
├─ @testing-library/react@9.5.0
├─ @testing-library/user-event@7.2.1
├─ @types/aria-query@4.2.0
├─ @types/jest@24.9.1
├─ @types/node@12.12.67
├─ @types/prop-types@15.7.3
├─ @types/react-dom@16.9.8
├─ @types/react@16.9.52
├─ @types/testing-library__dom@7.5.0
├─ @types/testing-library__react@9.1.3
├─ aria-query@4.2.2
├─ css.escape@1.5.1
├─ csstype@3.0.3
├─ dom-accessibility-api@0.3.0
├─ min-indent@1.0.1
├─ react-dom@16.13.1
├─ react@16.13.1
├─ redent@3.0.0
├─ strip-indent@3.0.0
├─ typescript@3.7.5
└─ wait-for-expect@3.0.2
Done in 75.33s.

We detected TypeScript in your project (src\App.test.tsx) and created a tsconfig.json file for you.

Your tsconfig.json has been populated with default values.

Removing template package using yarnpkg...

yarn remove v1.22.5
[1/2] Removing module cra-template-typescript...
[2/2] Regenerating lockfile and installing missing dependencies...
info fsevents@2.1.2: The platform "win32" is incompatible with this module.
info "fsevents@2.1.2" is an optional dependency and failed compatibility check. Excluding it from installation.
info fsevents@1.2.12: The platform "win32" is incompatible with this module.
info "fsevents@1.2.12" is an optional dependency and failed compatibility check. Excluding it from installation.
warning " > @testing-library/user-event@7.2.1" has unmet peer dependency "@testing-library/dom@>=5".
success Uninstalled packages.
Done in 20.69s.

Success! Created web at C:\Work\Projects\JS\CursoJS\trilhaOmniStack\web
Inside that directory, you can run several commands:

  yarn start
    Starts the development server.

  yarn build
    Bundles the app into static files for production.

  yarn test
    Starts the test runner.

  yarn eject
    Removes this tool and copies build dependencies, configuration files
    and scripts into the app directory. If you do this, you can’t go back!

We suggest that you begin by typing:

  cd web
  yarn start

Happy hacking!
Done in 402.25s.
PS C:\Work\Projects\JS\CursoJS\trilhaOmniStack>
--------------------------------------------------------------------------------
import React from 'react';

import './styles/global.css';

interface TitleProps {
  text: string;
} 

function Title(props: TitleProps) {
  return (
  <h1>{props.text}</h1>
  )
}

function App() {
  return (
    <div className="App">
      <Title text="Hello Word - NLW"/>
      <Title text="React Developer!!!"/>
      <Title text="\°/"/>
    </div>
  );
}

export default App;

--------------------------------------------------------------------------------
PS C:\Work\Projects\JS\CursoJS\trilhaOmniStack\web> yarn add react-icons                                          yarn add v1.22.5  
info fsevents@2.1.2: The platform "win32" is incompatible with this module.
info "fsevents@2.1.2" is an optional dependency and failed compatibility check. Excluding it from installation.
info fsevents@1.2.12: The platform "win32" is incompatible with this module.
info "fsevents@1.2.12" is an optional dependency and failed compatibility check. Excluding it from installation.
[3/4] Linking dependencies...
warning " > @testing-library/user-event@7.2.1" has unmet peer dependency "@testing-library/dom@>=5".
[4/4] Building fresh packages...

success Saved lockfile.
success Saved 1 new dependency.
info Direct dependencies
└─ react-icons@3.11.0
info All dependencies
└─ react-icons@3.11.0
Done in 97.26s.
PS C:\Work\Projects\JS\CursoJS\trilhaOmniStack\web>
--------------------------------------------------------------------------------
PS C:\Work\Projects\JS\CursoJS> yarn add @types/react-router-dom -D
yarn add v1.22.5
warning package.json: No license field
warning No license field
[1/4] Resolving packages...
[2/4] Fetching packages...
[3/4] Linking dependencies...
warning " > react-router-dom@5.2.0" has unmet peer dependency "react@>=15".
warning "react-router-dom > react-router@5.2.0" has unmet peer dependency "react@>=15".
warning "react-router-dom > react-router > mini-create-react-context@0.4.0" has unmet peer dependency "react@^0.14.0 || ^15.0.0 || ^16.0.0".
[4/4] Building fresh packages...
success Saved lockfile.
warning No license field
success Saved 4 new dependencies.
info Direct dependencies
└─ @types/react-router-dom@5.1.6
info All dependencies
├─ @types/prop-types@15.7.3
├─ @types/react-router-dom@5.1.6
├─ @types/react-router@5.1.8
└─ csstype@3.0.3
Done in 2.72s.
PS C:\Work\Projects\JS\CursoJS> 
--------------------------------------------------------------------------------
PS C:\Work\Projects\JS\CursoJS\trilhaOmniStack\web> yarn add leaflet react-leaflet                              yarn add v1.22.5
warning ..\..\package.json: No license field
[1/4] Resolving packages...
[2/4] Fetching packages...
info fsevents@2.1.2: The platform "win32" is incompatible with this module.
info "fsevents@2.1.2" is an optional dependency and failed compatibility check. Excluding it from installation.
info fsevents@1.2.12: The platform "win32" is incompatible with this module.
info "fsevents@1.2.12" is an optional dependency and failed compatibility check. Excluding it from installation.
[3/4] Linking dependencies...
warning " > @testing-library/user-event@7.2.1" has unmet peer dependency "@testing-library/dom@>=5".
[4/4] Building fresh packages...
success Saved lockfile.
success Saved 4 new dependencies.
info Direct dependencies
├─ leaflet@1.7.1
└─ react-leaflet@2.7.0
info All dependencies
├─ hoist-non-react-statics@3.3.2
├─ leaflet@1.7.1
├─ react-leaflet@2.7.0
└─ warning@4.0.3
Done in 74.34s.
PS C:\Work\Projects\JS\CursoJS\trilhaOmniStack\web>
--------------------------------------------------------------------------------
PS C:\Work\Projects\JS\CursoJS\trilhaOmniStack\web> yarn add @types/react-leaflet -D
yarn add v1.22.5
warning ..\..\package.json: No license field
[1/4] Resolving packages...
[2/4] Fetching packages...
info fsevents@2.1.2: The platform "win32" is incompatible with this module.
info "fsevents@2.1.2" is an optional dependency and failed compatibility check. Excluding it from installation.
info fsevents@1.2.12: The platform "win32" is incompatible with this module.
info "fsevents@1.2.12" is an optional dependency and failed compatibility check. Excluding it from installation.[3/4] Linking dependencies...
warning " > @testing-library/user-event@7.2.1" has unmet peer dependency "@testing-library/dom@>=5".
[4/4] Building fresh packages...

success Saved lockfile.
success Saved 3 new dependencies.
info Direct dependencies
└─ @types/react-leaflet@2.5.2
info All dependencies
├─ @types/geojson@7946.0.7
├─ @types/leaflet@1.5.19
└─ @types/react-leaflet@2.5.2
Done in 15.89s.
PS C:\Work\Projects\JS\CursoJS\trilhaOmniStack\web> 
--------------------------------------------------------------------------------
      <Map
        center={[-29.9073536, -51.183616]}
        zoom={15}
        style={{ width: '100%', height: '100%' }}
      >
        {/* <TileLayer url="https://a.tile.openstreetmap.org/{z}/{x}/{y}.png" /> */}

        <TileLayer
          url={`https://api.mapbox.com/styles/v1/mapbox/light-v10/tiles/256/{z}/{x}/{y}@2x?access_token=${process.env.REACT_APP_MAPBOX_TOKEN}`}
        />
      </Map>

        <TileLayer
          url={`https://api.mapbox.com/styles/v1/mapbox/light-v10/tiles/256/{z}/{x}/{y}@2x?access_token=${process.env.REACT_APP_MAPBOX_TOKEN}`}
        />	  
--------------------------------------------------------------------------------

================================================================================
#day02

$ yarn init -y
yarn init v1.22.5
warning The yes flag has been set. This will automatically answer yes to all questions, which may have security implications.
warning ..\..\package.json: No license field
success Saved package.json
Done in 0.14s.

--------------------------------------------------------------------------------
PS C:\nlw\backend> yarn add express
yarn add v1.22.5
info No lockfile found.
[1/4] Resolving packages...
[2/4] Fetching packages...
[3/4] Linking dependencies...
[4/4] Building fresh packages...

success Saved lockfile.
success Saved 29 new dependencies.
info Direct dependencies
└─ express@4.17.1
info All dependencies
├─ accepts@1.3.7
├─ array-flatten@1.1.1
├─ body-parser@1.19.0
├─ content-disposition@0.5.3
├─ cookie-signature@1.0.6
├─ cookie@0.4.0
├─ destroy@1.0.4
├─ ee-first@1.1.1
├─ express@4.17.1
├─ finalhandler@1.1.2
├─ forwarded@0.1.2
├─ inherits@2.0.3
├─ ipaddr.js@1.9.1
├─ media-typer@0.3.0
├─ merge-descriptors@1.0.1
├─ methods@1.1.2
├─ mime-db@1.44.0
├─ mime@1.6.0
├─ ms@2.0.0
├─ negotiator@0.6.2
├─ path-to-regexp@0.1.7
├─ proxy-addr@2.0.6
├─ raw-body@2.4.0
├─ safer-buffer@2.1.2
├─ serve-static@1.14.1
├─ type-is@1.6.18
├─ unpipe@1.0.0
├─ utils-merge@1.0.1
└─ vary@1.1.2
Done in 6.41s.
PS C:\nlw\backend>
--------------------------------------------------------------------------------
PS C:\nlw\backend> yarn add @types/express
yarn add v1.22.5
[1/4] Resolving packages...
[2/4] Fetching packages...
[3/4] Linking dependencies...
[4/4] Building fresh packages...

success Saved lockfile.
success Saved 6 new dependencies.
info Direct dependencies
└─ @types/express@4.17.8
info All dependencies
├─ @types/body-parser@1.19.0
├─ @types/connect@3.4.33
├─ @types/express@4.17.8
├─ @types/mime@2.0.3
├─ @types/range-parser@1.2.3
└─ @types/serve-static@1.13.5
Done in 1.62s.
PS C:\nlw\backend> 
--------------------------------------------------------------------------------
,

    "files.exclude": {
        "**/.git": true,
        "**/.svn": true,
        "node_modules": true
    }
--------------------------------------------------------------------------------
PS C:\nlw\backend> yarn add typeorm sqlite3
yarn add v1.22.5
[1/4] Resolving packages...
warning sqlite3 > node-gyp > request@2.88.2: request has been deprecated, see https://github.com/request/request/issues/3142        
warning sqlite3 > node-gyp > request > har-validator@5.1.5: this library is no longer supported
[2/4] Fetching packages...
info fsevents@2.1.3: The platform "win32" is incompatible with this module.
info "fsevents@2.1.3" is an optional dependency and failed compatibility check. Excluding it from installation.
[3/4] Linking dependencies...
[4/4] Building fresh packages...
success Saved lockfile.
success Saved 134 new dependencies.
info Direct dependencies
├─ sqlite3@5.0.0
└─ typeorm@0.2.28
info All dependencies
├─ @sqltools/formatter@1.2.2
├─ abbrev@1.1.1
├─ ajv@6.12.6
├─ app-root-path@3.0.0
├─ aproba@1.2.0
├─ are-we-there-yet@1.1.5
├─ argparse@1.0.10
├─ asn1@0.2.4
├─ asynckit@0.4.0
├─ aws-sign2@0.7.0
├─ aws4@1.10.1
├─ base64-js@1.3.1
├─ bcrypt-pbkdf@1.0.2
├─ block-stream@0.0.9
├─ buffer@5.6.0
├─ caseless@0.12.0
├─ chalk@4.1.0
├─ chownr@1.1.4
├─ cli-highlight@2.1.4
├─ cliui@7.0.2
├─ code-point-at@1.1.0
├─ color-convert@2.0.1
├─ color-name@1.1.4
├─ combined-stream@1.0.8
├─ console-control-strings@1.1.0
├─ core-util-is@1.0.2
├─ dashdash@1.14.1
├─ deep-extend@0.6.0
├─ delayed-stream@1.0.0
├─ delegates@1.0.0
├─ detect-libc@1.0.3
├─ dotenv@8.2.0
├─ ecc-jsbn@0.1.2
├─ emoji-regex@8.0.0
├─ escalade@3.1.1
├─ escape-string-regexp@1.0.5
├─ esprima@4.0.1
├─ extend@3.0.2
├─ extsprintf@1.3.0
├─ fast-deep-equal@3.1.3
├─ fast-json-stable-stringify@2.1.0
├─ figlet@1.5.0
├─ find-up@4.1.0
├─ forever-agent@0.6.1
├─ form-data@2.3.3
├─ fs-minipass@1.2.7
├─ fstream@1.0.12
├─ gauge@2.7.4
├─ get-caller-file@2.0.5
├─ getpass@0.1.7
├─ har-schema@2.0.0
├─ har-validator@5.1.5
├─ has-ansi@2.0.0
├─ has-flag@4.0.0
├─ has-unicode@2.0.1
├─ highlight.js@9.18.3
├─ http-signature@1.2.0
├─ ieee754@1.1.13
├─ ignore-walk@3.0.3
├─ ini@1.3.5
├─ is-fullwidth-code-point@3.0.0
├─ is-typedarray@1.0.0
├─ isarray@1.0.0
├─ isexe@2.0.0
├─ isstream@0.1.2
├─ js-yaml@3.14.0
├─ json-schema-traverse@0.4.1
├─ json-schema@0.2.3
├─ json-stringify-safe@5.0.1
├─ jsprim@1.4.1
├─ locate-path@5.0.0
├─ minipass@2.9.0
├─ minizlib@1.3.3
├─ mkdirp@0.5.5
├─ ms@2.1.2
├─ mz@2.7.0
├─ needle@2.5.2
├─ node-addon-api@2.0.0
├─ node-gyp@3.8.0
├─ node-pre-gyp@0.11.0
├─ nopt@3.0.6
├─ npm-bundled@1.1.1
├─ npm-packlist@1.4.8
├─ npmlog@4.1.2
├─ number-is-nan@1.0.1
├─ oauth-sign@0.9.0
├─ os-homedir@1.0.2
├─ os-tmpdir@1.0.2
├─ osenv@0.1.5
├─ p-limit@2.3.0
├─ p-locate@4.1.0
├─ p-try@2.2.0
├─ parent-require@1.0.0
├─ parse5-htmlparser2-tree-adapter@5.1.1
├─ path-exists@4.0.0
├─ performance-now@2.1.0
├─ process-nextick-args@2.0.1
├─ psl@1.8.0
├─ punycode@2.1.1
├─ rc@1.2.8
├─ readable-stream@2.3.7
├─ reflect-metadata@0.1.13
├─ request@2.88.2
├─ require-main-filename@2.0.0
├─ sax@1.2.4
├─ set-blocking@2.0.0
├─ sha.js@2.4.11
├─ sprintf-js@1.0.3
├─ sqlite3@5.0.0
├─ sshpk@1.16.1
├─ string_decoder@1.1.1
├─ tar@2.2.2
├─ thenify-all@1.6.0
├─ thenify@3.3.1
├─ tough-cookie@2.5.0
├─ tslib@1.14.1
├─ tunnel-agent@0.6.0
├─ tweetnacl@0.14.5
├─ typeorm@0.2.28
├─ uri-js@4.4.0
├─ util-deprecate@1.0.2
├─ uuid@3.4.0
├─ verror@1.10.0
├─ which-module@2.0.0
├─ which@1.3.1
├─ wide-align@1.1.3
├─ wrap-ansi@7.0.0
├─ xml2js@0.4.23
├─ xmlbuilder@11.0.1
├─ y18n@5.0.2
├─ yallist@3.1.1
├─ yargonaut@1.1.4
├─ yargs-parser@20.2.2
└─ yargs@16.0.3
Done in 78.71s.
PS C:\nlw\backend> 
--------------------------------------------------------------------------------
--------------------------------------------------------------------------------
# Database Migrations 
$ yarn typeorm
yarn run v1.22.5
$ C:\nlw\backend\node_modules\.bin\typeorm
Usage: cli.js <command> [options]

Comandos:
  cli.js schema:sync         Synchronizes your entities with database                             schema. It runs schema update queries on                             all connections you have. To run update 
                             queries on a concrete connection use -c 
                             option.
  cli.js schema:log          Shows sql to be executed by schema:sync 
                             command. It shows sql log only for your 
                             default connection. To run update       
                             queries on a concrete connection use -c 
                             option.
  cli.js schema:drop         Drops all tables in the database on your                             default connection. To drop table of a  
                             concrete connection's database use -c   
                             option.
  cli.js query               Executes given SQL query on a default   
                             connection. Specify connection name to  
                             run query on a specific connection.     
  cli.js entity:create       Generates a new entity.
  cli.js subscriber:create   Generates a new subscriber.
  cli.js migration:create    Creates a new migration file.
                                       [sinônimos: migrations:create]  cli.js migration:generate  Generates a new migration file with sql 
                             needs to be executed to update schema.  
                                     [sinônimos: migrations:generate]  cli.js migration:run       Runs all pending migrations.
                                          [sinônimos: migrations:run]  cli.js migration:show      Show all migrations and whether they    
                             have been run or not
  cli.js migration:revert    Reverts last executed migration.        
                                       [sinônimos: migrations:revert]  cli.js version             Prints TypeORM version this project     
                             uses.
  cli.js cache:clear         Clears all data stored in query runner  
                             cache.
  cli.js init                Generates initial TypeORM project       
                             structure. If name specified then       
                             creates files inside directory called as                             name. If its not specified then creates 
                             files inside current directory.

Opções:
  -h, --help     Exibe ajuda                               [booleano]  -v, --version  Exibe a versão                            [booleano]
Argumentos insuficientes: Argumento 0, necessário pelo menos 1       
error Command failed with exit code 1.
info Visit https://yarnpkg.com/en/docs/cli/run for documentation about this command.
PS C:\nlw\backend>
--------------------------------------------------------------------------------
PS C:\nlw\backend> yarn typeorm migrations:run
yarn run v1.22.5
$ ts-node-dev ./node_modules/typeorm/cli.js migrations:run
[INFO] 11:18:22 ts-node-dev ver. 1.0.0-pre.64 (using ts-node ver. 8.10.2, typescript ver. 4.0.3)
'migrations:run' is deprecated, please use 'migration:run' instead   
query: SELECT * FROM "sqlite_master" WHERE "type" = 'table' AND "name" = 'migrations'
query: CREATE TABLE "migrations" ("id" integer PRIMARY KEY AUTOINCREMENT NOT NULL, "timestamp" bigint NOT NULL, "name" varchar NOT NULL)  
query: SELECT * FROM "migrations" "migrations"  ORDER BY "id" DESC   
0 migrations are already loaded in the database.
1 migrations were found in the source code.
1 migrations are new migrations that needs to be executed.
query: BEGIN TRANSACTION
query: CREATE TABLE "orphanages" ("id" integer PRIMARY KEY AUTOINCREMENT NOT NULL, "name" varchar NOT NULL, "latitude" decimal(2,10) NOT NULL, "longitude" decimal(2,10) NOT NULL, "about" text NOT NULL, "instructions" text NOT NULL, "open_on_weekends" boolean NOT NULL DEFAULT 
(false))
yarn run v1.22.5
$ ts-node-dev ./node_modules/typeorm/cli.js migrations:run
[INFO] 11:18:22 ts-node-dev ver. 1.0.0-pre.64 (using ts-node ver. 8.10.2, typescript ver. 4.0.3)
'migrations:run' is deprecated, please use 'migration:run' instead   
query: SELECT * FROM "sqlite_master" WHERE "type" = 'table' AND "name" = 'migrations'
query: CREATE TABLE "migrations" ("id" integer PRIMARY KEY AUTOINCREMENT NOT NULL, "timestamp" bigint NOT NULL, "name" varchar NOT NULL)  
query: SELECT * FROM "migrations" "migrations"  ORDER BY "id" DESC   
0 migrations are already loaded in the database.
1 migrations were found in the source code.
1 migrations are new migrations that needs to be executed.
query: BEGIN TRANSACTION
query: CREATE TABLE "orphanages" ("id" integer PRIMARY KEY AUTOINCREMENT NOT NULL, "name" varchar NOT NULL, "latitude" decimal(2,10) NOT NULL, "longitude" decimal(2,10) NOT NULL, "about" text NOT NULL, "instructions" text NOT NULL, "open_on_weekends" boolean NOT NULL DEFAULT 
(false))
602770660368,"createOrphanages1602770660368"]
Migration createOrphanages1602770660368 has been executed successfully.
query: COMMIT
Done in 6.16s.

PS C:\nlw\backend>

--------------------------------------------------------------------------------
PS C:\nlw\backend> yarn add multer
yarn add v1.22.5
[1/4] Resolving packages...
[2/4] Fetching packages...
info fsevents@2.1.3: The platform "win32" is incompatible with this module.
info "fsevents@2.1.3" is an optional dependency and failed compatibility check. Excluding it from installation.
[3/4] Linking dependencies...
[4/4] Building fresh packages...

success Saved lockfile.
success Saved 9 new dependencies.
info Direct dependencies
└─ multer@1.4.2
info All dependencies
├─ append-field@1.0.0
├─ busboy@0.2.14
├─ concat-stream@1.6.2
├─ dicer@0.2.5
├─ isarray@0.0.1
├─ multer@1.4.2
├─ streamsearch@0.1.2
├─ string_decoder@0.10.31
└─ typedarray@0.0.6
Done in 32.36s.
PS C:\nlw\backend> 

--------------------------------------------------------------------------------
PS C:\nlw\backend> yarn add express-async-errors
                     yarn add v1.22.5
[1/4] Resolving packages...
[2/4] Fetching packages...
info fsevents@2.1.3: The platform "win32" is incompatible with this module.info "fsevents@2.1.3" is an optional dependency and failed compatibility check. Excluding it from installation.
[3/4] Linking dependencies...
[4/4] Building fresh packages...

success Saved lockfile.
success Saved 1 new dependency.
info Direct dependencies
└─ express-async-errors@3.1.1
info All dependencies
└─ express-async-errors@3.1.1
Done in 25.39s.
PS C:\nlw\backend> 
--------------------------------------------------------------------------------
PS C:\nlw\backend> yarn add yup
yarn add v1.22.5
[1/4] Resolving packages...
[2/4] Fetching packages...
info fsevents@2.1.3: The platform "win32" is incompatible with this module.
info "fsevents@2.1.3" is an optional dependency and failed compatibility check. Excluding it from installation.
[3/4] Linking dependencies...
[4/4] Building fresh packages...

success Saved lockfile.
success Saved 9 new dependencies.
info Direct dependencies
└─ yup@0.29.3
info All dependencies
├─ @babel/runtime@7.12.1
├─ fn-name@3.0.0
├─ lodash-es@4.17.15
├─ lodash@4.17.20
├─ property-expr@2.0.4
├─ regenerator-runtime@0.13.7
├─ synchronous-promise@2.0.15
├─ toposort@2.0.2
└─ yup@0.29.3
Done in 10.18s.
PS C:\nlw\backend> 
--------------------------------------------------------------------------------
PS C:\nlw\backend> yarn add @types/yup
yarn add v1.22.5
[1/4] Resolving packages...
[2/4] Fetching packages...
info fsevents@2.1.3: The platform "win32" is incompatible with this module.
info "fsevents@2.1.3" is an optional dependency and failed compatibility check. Excluding it from installation.
[3/4] Linking dependencies...
[4/4] Building fresh packages...

success Saved lockfile.
success Saved 1 new dependency.
info Direct dependencies
└─ @types/yup@0.29.8
info All dependencies
└─ @types/yup@0.29.8
Done in 3.58s.
PS C:\nlw\backend> 
--------------------------------------------------------------------------------
PS C:\nlw\web> yarn add @types/react -D
yarn add v1.22.5
[1/4] Resolving packages...
[2/4] Fetching packages...
warning Pattern ["@types/react@^16.9.52"] is trying to unpack in the same destination "C:\\Users\\Marcos\\AppData\\Local\\Yarn\\Cache\\v6\\npm-@types-react-16.9.52-c46c72d1a1d8d9d666f4dd2066c0e22600ccfde1-integrity\\node_modules\\@types\\react" as pattern ["@types/react@*","@types/react@*"]. This could result in non-deterministic behavior, skipping.
info fsevents@2.1.2: The platform "win32" is incompatible with this module.
info "fsevents@2.1.2" is an optional dependency and failed compatibility check. Excluding it from installation.
info fsevents@1.2.12: The platform "win32" is incompatible with this module.
info "fsevents@1.2.12" is an optional dependency and failed compatibility check. Excluding it from installation.
[3/4] Linking dependencies...
warning " > @testing-library/user-event@7.2.1" has unmet peer dependency "@testing-library/dom@>=5".
[4/4] Building fresh packages...
success Saved lockfile.
warning "@types/react" is already in "dependencies". Please remove existing entry first before adding it to "devDependencies".   
success Saved 1 new dependency.
info Direct dependencies
└─ @types/react@16.9.52
info All dependencies
└─ @types/react@16.9.52
Done in 335.69s.
PS C:\nlw\web> 
--------------------------------------------------------------------------------
PS C:\nlw\web> yarn add react-router-dom
yarn add v1.22.5
[1/4] Resolving packages...
[2/4] Fetching packages...
info fsevents@2.1.2: The platform "win32" is incompatible with this module.
info "fsevents@2.1.2" is an optional dependency and failed compatibility check. Excluding it from installation.
info fsevents@1.2.12: The platform "win32" is incompatible with this module.
info "fsevents@1.2.12" is an optional dependency and failed compatibility check. Excluding it from installation.
[3/4] Linking dependencies...
warning " > @testing-library/user-event@7.2.1" has unmet peer dependency "@testing-library/dom@>=5".
[4/4] Building fresh packages...

success Saved lockfile.
success Saved lockfile.
success Saved 7 new dependencies.
info Direct dependencies
└─ react-router-dom@5.2.0
info All dependencies
├─ mini-create-react-context@0.4.0
├─ path-to-regexp@1.8.0
├─ react-router-dom@5.2.0
├─ react-router@5.2.0
├─ resolve-pathname@3.0.0
├─ tiny-warning@1.0.3
└─ value-equal@1.0.1
Done in 26.87s.
--------------------------------------------------------------------------------
PS C:\nlw\web> yarn add @types/react-router-dom -D
yarn add v1.22.5
[1/4] Resolving packages...
[2/4] Fetching packages...
info fsevents@2.1.2: The platform "win32" is incompatible with this module.
info "fsevents@2.1.2" is an optional dependency and failed compatibility check. Excluding it from installation.
info fsevents@1.2.12: The platform "win32" is incompatible with this module.
info "fsevents@1.2.12" is an optional dependency and failed compatibility check. Excluding it from installation.
[3/4] Linking dependencies...
warning " > @testing-library/user-event@7.2.1" has unmet peer dependency "@testing-library/dom@>=5".
[4/4] Building fresh packages...
success Saved lockfile.
success Saved 2 new dependencies.
info Direct dependencies
└─ @types/react-router-dom@5.1.6
info All dependencies
├─ @types/react-router-dom@5.1.6
└─ @types/react-router@5.1.8
Done in 12.34s.
PS C:\nlw\web> 
--------------------------------------------------------------------------------
$ git clone https://github.com/marcos-domingues-dev/trilhaOmniStack.git nlw

$ yarn install
yarn install v1.22.5
[1/4] Resolving packages...
[2/4] Fetching packages...
info fsevents@2.1.2: The platform "win32" is incompatible with this module.
info "fsevents@2.1.2" is an optional dependency and failed compatibility check. Excluding it from installation.
info fsevents@1.2.12: The platform "win32" is incompatible with this module.
info "fsevents@1.2.12" is an optional dependency and failed compatibility check. Excluding it from installation.
[3/4] Linking dependencies...
warning " > @testing-library/user-event@7.2.1" has unmet peer dependency "@testing-library/dom@>=5".
[4/4] Building fresh packages...
Done in 234.40s.

--------------------------------------------------------------------------------
VS Code plugin for Prettier Miscellaneous / Code Formatter
--------------------------------------------------------------------------------

--------------------------------------------------------------------------------

--------------------------------------------------------------------------------

--------------------------------------------------------------------------------

